
WARNING: apt does not have a stable CLI interface. Use with caution in scripts.

Hit:1 https://packages.microsoft.com/repos/microsoft-ubuntu-noble-prod noble InRelease
Hit:2 https://dl.yarnpkg.com/debian stable InRelease
Hit:3 https://repo.anaconda.com/pkgs/misc/debrepo/conda stable InRelease
Hit:4 http://deb.theforeman.org plugins InRelease
Hit:5 http://security.ubuntu.com/ubuntu noble-security InRelease
Hit:6 http://deb.theforeman.org bookworm InRelease
Hit:7 http://archive.ubuntu.com/ubuntu noble InRelease
Hit:8 http://archive.ubuntu.com/ubuntu noble-updates InRelease
Hit:9 http://archive.ubuntu.com/ubuntu noble-backports InRelease
Reading package lists...
Building dependency tree...
Reading state information...
All packages are up to date.

WARNING: apt does not have a stable CLI interface. Use with caution in scripts.

Reading package lists...
Building dependency tree...
Reading state information...
You might want to run 'apt --fix-broken install' to correct these.
The following packages have unmet dependencies:
 puppetserver : Depends: openjdk-17-jre-headless but it is not installed or
                         openjdk-11-jre-headless but it is not installed
E: Unmet dependencies. Try 'apt --fix-broken install' with no packages (or specify a solution).
